\BOOKMARK [0][-]{chapter.1}{\376\377\000I\000n\000t\000r\000o\000d\000u\000c\000c\000i\000\363\000n}{}% 1
\BOOKMARK [0][-]{chapter.2}{\376\377\000J\000u\000s\000t\000i\000f\000i\000c\000a\000c\000i\000\363\000n\000\040\000d\000e\000l\000\040\000P\000r\000o\000y\000e\000c\000t\000o}{}% 2
\BOOKMARK [1][-]{section.2.1}{\376\377\000E\000l\000\040\000P\000r\000o\000y\000e\000c\000t\000o}{chapter.2}% 3
\BOOKMARK [1][-]{section.2.2}{\376\377\000O\000t\000r\000o\000s\000\040\000P\000r\000o\000g\000r\000a\000m\000a\000s}{chapter.2}% 4
\BOOKMARK [0][-]{chapter.3}{\376\377\000D\000e\000f\000i\000n\000i\000c\000i\000\363\000n\000\040\000d\000e\000\040\000l\000a\000\040\000i\000n\000s\000t\000i\000t\000u\000c\000i\000\363\000n}{}% 5
\BOOKMARK [1][-]{section.3.1}{\376\377\000D\000e\000s\000c\000r\000i\000p\000c\000i\000\363\000n\000\040\000d\000e\000\040\000l\000a\000\040\000i\000n\000s\000t\000i\000t\000u\000c\000i\000\363\000n}{chapter.3}% 6
\BOOKMARK [1][-]{section.3.2}{\376\377\000D\000e\000s\000c\000r\000i\000p\000c\000i\000\363\000n\000\040\000d\000e\000l\000\040\000\341\000r\000e\000a\000\040\000d\000e\000\040\000e\000s\000t\000u\000d\000i\000o}{chapter.3}% 7
\BOOKMARK [1][-]{section.3.3}{\376\377\000D\000e\000s\000c\000r\000i\000p\000c\000i\000\363\000n\000\040\000d\000e\000\040\000l\000a\000\040\000p\000r\000o\000b\000l\000e\000m\000\341\000t\000i\000c\000a}{chapter.3}% 8
\BOOKMARK [0][-]{chapter.4}{\376\377\000D\000e\000f\000i\000n\000i\000c\000i\000\363\000n\000\040\000p\000r\000o\000y\000e\000c\000t\000o}{}% 9
\BOOKMARK [1][-]{section.4.1}{\376\377\000O\000b\000j\000e\000t\000i\000v\000o\000s\000\040\000d\000e\000l\000\040\000p\000r\000o\000y\000e\000c\000t\000o}{chapter.4}% 10
\BOOKMARK [2][-]{subsection.4.1.1}{\376\377\000O\000b\000j\000e\000t\000i\000v\000o\000\040\000G\000e\000n\000e\000r\000a\000l}{section.4.1}% 11
\BOOKMARK [2][-]{subsection.4.1.2}{\376\377\000O\000b\000j\000e\000t\000i\000v\000o\000s\000\040\000E\000s\000p\000e\000c\000\355\000f\000i\000c\000o\000s}{section.4.1}% 12
\BOOKMARK [2][-]{subsection.4.1.3}{\376\377\000A\000c\000t\000i\000v\000i\000d\000a\000d\000e\000s}{section.4.1}% 13
\BOOKMARK [1][-]{section.4.2}{\376\377\000A\000m\000b\000i\000e\000n\000t\000e\000\040\000d\000e\000\040\000i\000n\000g\000e\000n\000i\000e\000r\000\355\000a\000\040\000d\000e\000\040\000s\000o\000f\000t\000w\000a\000r\000e}{chapter.4}% 14
\BOOKMARK [2][-]{subsection.4.2.1}{\376\377\000M\000e\000t\000o\000d\000o\000l\000o\000g\000\355\000a\000\040\000d\000e\000\040\000D\000e\000s\000a\000r\000r\000o\000l\000l\000o}{section.4.2}% 15
\BOOKMARK [2][-]{subsection.4.2.2}{\376\377\000T\000e\000c\000n\000o\000l\000o\000g\000\355\000a\000s}{section.4.2}% 16
\BOOKMARK [2][-]{subsection.4.2.3}{\376\377\000H\000e\000r\000r\000a\000m\000i\000e\000n\000t\000a\000s\000\040\000d\000e\000\040\000a\000p\000o\000y\000o}{section.4.2}% 17
\BOOKMARK [0][-]{chapter.5}{\376\377\000E\000s\000p\000e\000c\000i\000f\000i\000c\000a\000c\000i\000\363\000n\000\040\000d\000e\000\040\000r\000e\000q\000u\000e\000r\000i\000m\000i\000e\000n\000t\000o\000s\000\040\000d\000e\000\040\000s\000o\000f\000t\000w\000a\000r\000e}{}% 18
\BOOKMARK [1][-]{section.5.1}{\376\377\000A\000l\000c\000a\000n\000c\000e\000s}{chapter.5}% 19
\BOOKMARK [1][-]{section.5.2}{\376\377\000O\000b\000j\000e\000t\000i\000v\000o\000\040\000d\000e\000l\000\040\000s\000o\000f\000t\000w\000a\000r\000e}{chapter.5}% 20
\BOOKMARK [1][-]{section.5.3}{\376\377\000D\000e\000s\000c\000r\000i\000p\000c\000i\000\363\000n\000\040\000g\000l\000o\000b\000a\000l\000\040\000d\000e\000l\000\040\000p\000r\000o\000d\000u\000c\000t\000o}{chapter.5}% 21
\BOOKMARK [2][-]{subsection.5.3.1}{\376\377\000I\000n\000t\000e\000r\000f\000a\000z\000\040\000d\000e\000\040\000u\000s\000u\000a\000r\000i\000o}{section.5.3}% 22
\BOOKMARK [2][-]{subsection.5.3.2}{\376\377\000I\000n\000t\000e\000r\000f\000a\000z\000\040\000d\000e\000\040\000h\000a\000r\000d\000w\000a\000r\000e}{section.5.3}% 23
\BOOKMARK [2][-]{subsection.5.3.3}{\376\377\000I\000n\000t\000e\000r\000f\000a\000z\000\040\000s\000o\000f\000t\000w\000a\000r\000e}{section.5.3}% 24
\BOOKMARK [1][-]{section.5.4}{\376\377\000R\000e\000q\000u\000e\000r\000i\000m\000i\000e\000n\000t\000o\000s\000\040\000e\000s\000p\000e\000c\000\355\000f\000i\000c\000o\000s}{chapter.5}% 25
\BOOKMARK [2][-]{subsection.5.4.1}{\376\377\000R\000e\000q\000u\000e\000r\000i\000m\000i\000e\000n\000t\000o\000s\000\040\000f\000u\000n\000c\000i\000o\000n\000a\000l\000e\000s\000\040\000d\000e\000l\000\040\000s\000i\000s\000t\000e\000m\000a}{section.5.4}% 26
\BOOKMARK [0][-]{chapter.6}{\376\377\000F\000a\000c\000t\000i\000b\000i\000l\000i\000d\000a\000d}{}% 27
\BOOKMARK [1][-]{section.6.1}{\376\377\000F\000a\000c\000t\000i\000b\000i\000l\000i\000d\000a\000d\000\040\000T\000\351\000c\000n\000i\000c\000a}{chapter.6}% 28
\BOOKMARK [1][-]{section.6.2}{\376\377\000F\000a\000c\000t\000i\000b\000i\000l\000i\000d\000a\000d\000\040\000O\000p\000e\000r\000a\000t\000i\000v\000a}{chapter.6}% 29
\BOOKMARK [2][-]{subsection.6.2.1}{\376\377\000I\000m\000p\000a\000c\000t\000o\000\040\000P\000o\000s\000i\000t\000i\000v\000o}{section.6.2}% 30
\BOOKMARK [1][-]{section.6.3}{\376\377\000F\000a\000c\000t\000i\000b\000i\000l\000i\000d\000a\000d\000\040\000E\000c\000o\000n\000\363\000m\000i\000c\000a}{chapter.6}% 31
\BOOKMARK [1][-]{section.6.4}{\376\377\000C\000o\000n\000c\000l\000u\000s\000i\000\363\000n\000\040\000d\000e\000\040\000l\000a\000\040\000f\000a\000c\000t\000i\000b\000i\000l\000i\000d\000a\000d}{chapter.6}% 32
\BOOKMARK [0][-]{chapter.7}{\376\377\000A\000n\000\341\000l\000i\000s\000i\000s}{}% 33
\BOOKMARK [1][-]{section.7.1}{\376\377\000P\000r\000o\000c\000e\000s\000o\000s\000\040\000d\000e\000\040\000n\000e\000g\000o\000c\000i\000o\000s\000\040\000f\000u\000t\000u\000r\000o\000s}{chapter.7}% 34
\BOOKMARK [1][-]{section.7.2}{\376\377\000C\000a\000s\000o\000s\000\040\000d\000e\000\040\000u\000s\000o}{chapter.7}% 35
\BOOKMARK [2][-]{subsection.7.2.1}{\376\377\000A\000c\000t\000o\000r\000e\000s}{section.7.2}% 36
\BOOKMARK [2][-]{subsection.7.2.2}{\376\377\000D\000i\000a\000g\000r\000a\000m\000a\000\040\000d\000e\000\040\000c\000a\000s\000o\000s\000\040\000d\000e\000\040\000u\000s\000o\000\040\000y\000\040\000d\000e\000s\000c\000r\000i\000p\000c\000i\000\363\000n}{section.7.2}% 37
\BOOKMARK [2][-]{subsection.7.2.3}{\376\377\000E\000s\000p\000e\000c\000i\000f\000i\000c\000a\000c\000i\000\363\000n\000\040\000d\000e\000\040\000l\000o\000s\000\040\000c\000a\000s\000o\000\040\000d\000e\000\040\000u\000s\000o}{section.7.2}% 38
\BOOKMARK [0][-]{chapter.8}{\376\377\000D\000i\000s\000e\000\361\000o}{}% 39
\BOOKMARK [1][-]{section.8.1}{\376\377\000D\000i\000s\000e\000\361\000o\000\040\000i\000n\000t\000e\000r\000f\000a\000z\000\040\000y\000\040\000n\000a\000v\000e\000g\000a\000c\000i\000\363\000n}{chapter.8}% 40
\BOOKMARK [0][-]{chapter.9}{\376\377\000C\000\363\000d\000i\000g\000o}{}% 41
\BOOKMARK [1][-]{section.9.1}{\376\377\000L\000\363\000g\000i\000c\000a\000\040\000C\000i\000n\000t\000a\000\040\000T\000r\000a\000n\000s\000p\000o\000r\000t\000a\000d\000o\000r\000a}{chapter.9}% 42
\BOOKMARK [1][-]{section.9.2}{\376\377\000L\000\363\000g\000i\000c\000a\000\040\000B\000r\000a\000z\000o\000s\000\040\000R\000o\000b\000o\000t\000i\000c\000o\000s}{chapter.9}% 43
\BOOKMARK [1][-]{section.9.3}{\376\377\000D\000i\000s\000e\000\361\000o\000\040\000i\000n\000t\000e\000r\000f\000a\000z\000\040\000y\000\040\000n\000a\000v\000e\000g\000a\000c\000i\000\363\000n}{chapter.9}% 44
\BOOKMARK [0][-]{chapter.10}{\376\377\000P\000r\000u\000e\000b\000a\000s}{}% 45
\BOOKMARK [1][-]{section.10.1}{\376\377\000E\000l\000e\000m\000e\000n\000t\000o\000s\000\040\000d\000e\000\040\000p\000r\000u\000e\000b\000a}{chapter.10}% 46
\BOOKMARK [1][-]{section.10.2}{\376\377\000E\000s\000p\000e\000c\000i\000f\000i\000c\000a\000c\000i\000\363\000n\000\040\000d\000e\000\040\000l\000a\000s\000\040\000p\000r\000u\000e\000b\000a\000s}{chapter.10}% 47
\BOOKMARK [1][-]{section.10.3}{\376\377\000R\000e\000s\000p\000o\000n\000s\000a\000b\000l\000e\000s\000\040\000d\000e\000\040\000l\000a\000s\000\040\000p\000r\000u\000e\000b\000a\000s}{chapter.10}% 48
\BOOKMARK [1][-]{section.10.4}{\376\377\000D\000e\000t\000a\000l\000l\000e\000\040\000d\000e\000\040\000l\000a\000s\000\040\000p\000r\000u\000e\000b\000a\000s}{chapter.10}% 49
\BOOKMARK [1][-]{section.10.5}{\376\377\000C\000o\000n\000c\000l\000u\000s\000i\000o\000n\000e\000s\000\040\000d\000e\000\040\000p\000r\000u\000e\000b\000a}{chapter.10}% 50
\BOOKMARK [0][-]{chapter.11}{\376\377\000P\000l\000a\000n\000\040\000d\000e\000\040\000c\000a\000p\000a\000c\000i\000t\000a\000c\000i\000\363\000n\000\040\000y\000\040\000e\000n\000t\000r\000e\000n\000a\000m\000i\000e\000n\000t\000o}{}% 51
\BOOKMARK [1][-]{section.11.1}{\376\377\000P\000l\000a\000n\000\040\000d\000e\000\040\000c\000a\000p\000a\000c\000i\000t\000a\000c\000i\000\363\000n}{chapter.11}% 52
\BOOKMARK [0][-]{chapter.12}{\376\377\000P\000l\000a\000n\000\040\000d\000e\000\040\000i\000m\000p\000l\000a\000n\000t\000a\000c\000i\000\363\000n\000\040\000y\000\040\000p\000u\000e\000s\000t\000a\000\040\000e\000n\000\040\000m\000a\000r\000c\000h\000a}{}% 53
\BOOKMARK [1][-]{section.12.1}{\376\377\000P\000l\000a\000n\000\040\000d\000e\000\040\000i\000m\000p\000l\000a\000n\000t\000a\000c\000i\000\363\000n}{chapter.12}% 54
\BOOKMARK [0][-]{chapter.13}{\376\377\000T\000r\000a\000b\000a\000j\000o\000\040\000F\000u\000t\000u\000r\000o}{}% 55
\BOOKMARK [1][-]{section.13.1}{\376\377\000C\000a\000m\000b\000i\000o\000s\000\040\000q\000u\000e\000\040\000s\000e\000\040\000d\000e\000b\000e\000n\000\040\000r\000e\000a\000l\000i\000z\000a\000r}{chapter.13}% 56
\BOOKMARK [0][-]{chapter.14}{\376\377\000C\000o\000n\000c\000l\000u\000s\000i\000o\000n\000e\000s}{}% 57
\BOOKMARK [0][-]{section*.32}{\376\377\000R\000e\000f\000e\000r\000e\000n\000c\000i\000a\000s}{}% 58
